<?xml version="1.0" encoding="UTF-8"?>
<testsuites tests="80" failures="0" disabled="0" errors="0" time="18.938" timestamp="2025-10-13T12:03:10.393" random_seed="3735" name="AllTests">
  <testsuite name="state_machine_test" tests="2" failures="0" disabled="0" skipped="0" errors="0" time="0." timestamp="2025-10-13T12:03:28.642">
    <testcase name="basic_state_machine_transition" file="C:\Yock\code\Other2\OtherEnv\tests\core\state_machine_tests.cpp" line="10" status="run" result="completed" time="0." timestamp="2025-10-13T12:03:28.643" classname="state_machine_test" />
    <testcase name="loop_state" file="C:\Yock\code\Other2\OtherEnv\tests\core\state_machine_tests.cpp" line="46" status="run" result="completed" time="0." timestamp="2025-10-13T12:03:28.643" classname="state_machine_test" />
  </testsuite>
  <testsuite name="arena_test" tests="3" failures="0" disabled="0" skipped="0" errors="0" time="0.418" timestamp="2025-10-13T12:03:10.394">
    <testcase name="basic_allocation" file="C:\Yock\code\Other2\OtherEnv\tests\arena\arena_test.cpp" line="102" status="run" result="completed" time="0.21" timestamp="2025-10-13T12:03:10.395" classname="arena_test" />
    <testcase name="null_pointer_deallocation" file="C:\Yock\code\Other2\OtherEnv\tests\arena\arena_test.cpp" line="131" status="run" result="completed" time="0." timestamp="2025-10-13T12:03:10.605" classname="arena_test" />
    <testcase name="alignment_requirements" file="C:\Yock\code\Other2\OtherEnv\tests\arena\arena_test.cpp" line="119" status="run" result="completed" time="0.207" timestamp="2025-10-13T12:03:10.605" classname="arena_test" />
  </testsuite>
  <testsuite name="arena_buffer_test" tests="8" failures="0" disabled="0" skipped="0" errors="0" time="11.347" timestamp="2025-10-13T12:03:17.227">
    <testcase name="copy_constructor" file="C:\Yock\code\Other2\OtherEnv\tests\arena\arena_buffer_test.cpp" line="244" status="run" result="completed" time="0.155" timestamp="2025-10-13T12:03:17.227" classname="arena_buffer_test" />
    <testcase name="death_uniform_buffer_compatability" file="C:\Yock\code\Other2\OtherEnv\tests\arena\arena_buffer_test.cpp" line="119" status="run" result="completed" time="11.187" timestamp="2025-10-13T12:03:17.383" classname="arena_buffer_test" />
    <testcase name="safe_double_release" file="C:\Yock\code\Other2\OtherEnv\tests\arena\arena_buffer_test.cpp" line="19" status="run" result="completed" time="0." timestamp="2025-10-13T12:03:28.571" classname="arena_buffer_test" />
    <testcase name="zero_mem_test" file="C:\Yock\code\Other2\OtherEnv\tests\arena\arena_buffer_test.cpp" line="200" status="run" result="completed" time="0." timestamp="2025-10-13T12:03:28.571" classname="arena_buffer_test" />
    <testcase name="idx_from_buffer_data" file="C:\Yock\code\Other2\OtherEnv\tests\arena\arena_buffer_test.cpp" line="88" status="run" result="completed" time="0." timestamp="2025-10-13T12:03:28.572" classname="arena_buffer_test" />
    <testcase name="pass_by_const_ref" file="C:\Yock\code\Other2\OtherEnv\tests\arena\arena_buffer_test.cpp" line="276" status="run" result="completed" time="0.001" timestamp="2025-10-13T12:03:28.572" classname="arena_buffer_test" />
    <testcase name="sequential_allocations_w_initial_resize" file="C:\Yock\code\Other2\OtherEnv\tests\arena\arena_buffer_test.cpp" line="32" status="run" result="completed" time="0." timestamp="2025-10-13T12:03:28.574" classname="arena_buffer_test" />
    <testcase name="array_test" file="C:\Yock\code\Other2\OtherEnv\tests\arena\arena_buffer_test.cpp" line="61" status="run" result="completed" time="0." timestamp="2025-10-13T12:03:28.574" classname="arena_buffer_test" />
  </testsuite>
  <testsuite name="scope_tests" tests="3" failures="0" disabled="0" skipped="0" errors="0" time="0.731" timestamp="2025-10-13T12:03:15.970">
    <testcase name="make_scope_nested" file="C:\Yock\code\Other2\OtherEnv\tests\arena\scope_tests.cpp" line="25" status="run" result="completed" time="0.301" timestamp="2025-10-13T12:03:15.970" classname="scope_tests" />
    <testcase name="make_scope_basic" file="C:\Yock\code\Other2\OtherEnv\tests\arena\scope_tests.cpp" line="10" status="run" result="completed" time="0.213" timestamp="2025-10-13T12:03:16.272" classname="scope_tests" />
    <testcase name="scope_move" file="C:\Yock\code\Other2\OtherEnv\tests\arena\scope_tests.cpp" line="43" status="run" result="completed" time="0.216" timestamp="2025-10-13T12:03:16.485" classname="scope_tests" />
  </testsuite>
  <testsuite name="arena_vector_tests" tests="2" failures="0" disabled="0" skipped="0" errors="0" time="0.439" timestamp="2025-10-13T12:03:28.891">
    <testcase name="reserve" file="C:\Yock\code\Other2\OtherEnv\tests\data-structures\arena_vector_tests.cpp" line="10" status="run" result="completed" time="0.213" timestamp="2025-10-13T12:03:28.891" classname="arena_vector_tests" />
    <testcase name="complex_type" file="C:\Yock\code\Other2\OtherEnv\tests\data-structures\arena_vector_tests.cpp" line="50" status="run" result="completed" time="0.225" timestamp="2025-10-13T12:03:29.105" classname="arena_vector_tests" />
  </testsuite>
  <testsuite name="arena_array_tests" tests="2" failures="0" disabled="0" skipped="0" errors="0" time="0.477" timestamp="2025-10-13T12:03:10.814">
    <testcase name="complex_type" file="C:\Yock\code\Other2\OtherEnv\tests\data-structures\arena_array_tests.cpp" line="36" status="run" result="completed" time="0.21" timestamp="2025-10-13T12:03:10.814" classname="arena_array_tests" />
    <testcase name="basic_operations" file="C:\Yock\code\Other2\OtherEnv\tests\data-structures\arena_array_tests.cpp" line="10" status="run" result="completed" time="0.265" timestamp="2025-10-13T12:03:11.025" classname="arena_array_tests" />
  </testsuite>
  <testsuite name="memory_pool_tests" tests="1" failures="0" disabled="0" skipped="0" errors="0" time="0.062" timestamp="2025-10-13T12:03:28.643">
    <testcase name="move_constructor" file="C:\Yock\code\Other2\OtherEnv\tests\data-structures\memory_pool_tests.cpp" line="8" status="run" result="completed" time="0.061" timestamp="2025-10-13T12:03:28.643" classname="memory_pool_tests" />
  </testsuite>
  <testsuite name="ref_test" tests="6" failures="0" disabled="0" skipped="0" errors="0" time="0.001" timestamp="2025-10-13T12:03:17.225">
    <testcase name="store_simple_container_type" file="C:\Yock\code\Other2\OtherEnv\tests\ref\ref_test.cpp" line="54" status="run" result="completed" time="0." timestamp="2025-10-13T12:03:17.225" classname="ref_test" />
    <testcase name="constructor_with_raw_pointer" file="C:\Yock\code\Other2\OtherEnv\tests\ref\ref_test.cpp" line="15" status="run" result="completed" time="0." timestamp="2025-10-13T12:03:17.226" classname="ref_test" />
    <testcase name="copy_constructor" file="C:\Yock\code\Other2\OtherEnv\tests\ref\ref_test.cpp" line="22" status="run" result="completed" time="0." timestamp="2025-10-13T12:03:17.226" classname="ref_test" />
    <testcase name="inheritance_constructor" file="C:\Yock\code\Other2\OtherEnv\tests\ref\ref_test.cpp" line="68" status="run" result="completed" time="0." timestamp="2025-10-13T12:03:17.226" classname="ref_test" />
    <testcase name="default_constructor_creates_null_ref" file="C:\Yock\code\Other2\OtherEnv\tests\ref\ref_test.cpp" line="8" status="run" result="completed" time="0." timestamp="2025-10-13T12:03:17.226" classname="ref_test" />
    <testcase name="move_constructor" file="C:\Yock\code\Other2\OtherEnv\tests\ref\ref_test.cpp" line="41" status="run" result="completed" time="0." timestamp="2025-10-13T12:03:17.226" classname="ref_test" />
  </testsuite>
  <testsuite name="value_test" tests="8" failures="0" disabled="0" skipped="0" errors="0" time="0.001" timestamp="2025-10-13T12:03:15.968">
    <testcase name="constructor_with_float" file="C:\Yock\code\Other2\OtherEnv\tests\value\value_test.cpp" line="34" status="run" result="completed" time="0." timestamp="2025-10-13T12:03:15.968" classname="value_test" />
    <testcase name="default_constructor_creates_empty_value" file="C:\Yock\code\Other2\OtherEnv\tests\value\value_test.cpp" line="8" status="run" result="completed" time="0." timestamp="2025-10-13T12:03:15.969" classname="value_test" />
    <testcase name="constructor_with_int32" file="C:\Yock\code\Other2\OtherEnv\tests\value\value_test.cpp" line="14" status="run" result="completed" time="0." timestamp="2025-10-13T12:03:15.969" classname="value_test" />
    <testcase name="constructor_with_char" file="C:\Yock\code\Other2\OtherEnv\tests\value\value_test.cpp" line="60" status="run" result="completed" time="0." timestamp="2025-10-13T12:03:15.969" classname="value_test" />
    <testcase name="constructor_with_string" file="C:\Yock\code\Other2\OtherEnv\tests\value\value_test.cpp" line="68" status="run" result="completed" time="0." timestamp="2025-10-13T12:03:15.969" classname="value_test" />
    <testcase name="constructor_with_double" file="C:\Yock\code\Other2\OtherEnv\tests\value\value_test.cpp" line="44" status="run" result="completed" time="0." timestamp="2025-10-13T12:03:15.969" classname="value_test" />
    <testcase name="constructor_with_bool" file="C:\Yock\code\Other2\OtherEnv\tests\value\value_test.cpp" line="52" status="run" result="completed" time="0." timestamp="2025-10-13T12:03:15.970" classname="value_test" />
    <testcase name="constructor_with_uint64" file="C:\Yock\code\Other2\OtherEnv\tests\value\value_test.cpp" line="24" status="run" result="completed" time="0." timestamp="2025-10-13T12:03:15.970" classname="value_test" />
  </testsuite>
  <testsuite name="serialization_tests" tests="12" failures="0" disabled="0" skipped="0" errors="0" time="3.118" timestamp="2025-10-13T12:03:11.291">
    <testcase name="write_dotnet_object_to_bytes" file="C:\Yock\code\Other2\OtherEnv\tests\serialization\script_serialization.cpp" line="16" status="run" result="completed" time="0.33" timestamp="2025-10-13T12:03:11.291" classname="serialization_tests" />
    <testcase name="full_scene_serialization" file="C:\Yock\code\Other2\OtherEnv\tests\serialization\scene_serialization.cpp" line="116" status="run" result="completed" time="0.261" timestamp="2025-10-13T12:03:11.622" classname="serialization_tests" />
    <testcase name="write_scene_to_file" file="C:\Yock\code\Other2\OtherEnv\tests\serialization\scene_serialization.cpp" line="275" status="run" result="completed" time="0.239" timestamp="2025-10-13T12:03:11.884" classname="serialization_tests" />
    <testcase name="read_scene_from_file" file="C:\Yock\code\Other2\OtherEnv\tests\serialization\scene_serialization.cpp" line="305" status="run" result="completed" time="0.272" timestamp="2025-10-13T12:03:12.124" classname="serialization_tests" />
    <testcase name="model_importer_test" file="C:\Yock\code\Other2\OtherEnv\tests\serialization\asset_serialization.cpp" line="396" status="run" result="completed" time="0.24" timestamp="2025-10-13T12:03:12.397" classname="serialization_tests" />
    <testcase name="write_scene_object_with_dotnet_to_bytes" file="C:\Yock\code\Other2\OtherEnv\tests\serialization\script_serialization.cpp" line="59" status="run" result="completed" time="0.24" timestamp="2025-10-13T12:03:12.638" classname="serialization_tests" />
    <testcase name="write_scene_to_file_edge_case" file="C:\Yock\code\Other2\OtherEnv\tests\serialization\scene_serialization.cpp" line="351" status="run" result="completed" time="0.254" timestamp="2025-10-13T12:03:12.879" classname="serialization_tests" />
    <testcase name="parse_cube_omesh_file" file="C:\Yock\code\Other2\OtherEnv\tests\serialization\asset_serialization.cpp" line="197" status="run" result="completed" time="0.276" timestamp="2025-10-13T12:03:13.133" classname="serialization_tests" />
    <testcase name="parse_omesh_file" file="C:\Yock\code\Other2\OtherEnv\tests\serialization\asset_serialization.cpp" line="19" status="run" result="completed" time="0.254" timestamp="2025-10-13T12:03:13.410" classname="serialization_tests" />
    <testcase name="write_object_to_bytes" file="C:\Yock\code\Other2\OtherEnv\tests\serialization\scene_serialization.cpp" line="18" status="run" result="completed" time="0.239" timestamp="2025-10-13T12:03:13.664" classname="serialization_tests" />
    <testcase name="write_scripted_object_to_bytes" file="C:\Yock\code\Other2\OtherEnv\tests\serialization\scene_serialization.cpp" line="51" status="run" result="completed" time="0.24" timestamp="2025-10-13T12:03:13.904" classname="serialization_tests" />
    <testcase name="read_scene_from_file_edge_case" file="C:\Yock\code\Other2\OtherEnv\tests\serialization\scene_serialization.cpp" line="376" status="run" result="completed" time="0.264" timestamp="2025-10-13T12:03:14.145" classname="serialization_tests" />
  </testsuite>
  <testsuite name="config_table_tests" tests="1" failures="0" disabled="0" skipped="0" errors="0" time="0." timestamp="2025-10-13T12:03:17.227">
    <testcase name="load_table_and_read" file="C:\Yock\code\Other2\OtherEnv\tests\serialization\config_table_tests.cpp" line="10" status="run" result="completed" time="0." timestamp="2025-10-13T12:03:17.227" classname="config_table_tests" />
  </testsuite>
  <testsuite name="parser_combinator_tests" tests="21" failures="0" disabled="0" skipped="0" errors="0" time="0.184" timestamp="2025-10-13T12:03:28.706">
    <testcase name="simple_map_parsers" file="C:\Yock\code\Other2\OtherEnv\tests\parser-combinator\parser_combinator_tests.cpp" line="203" status="run" result="completed" time="0.176" timestamp="2025-10-13T12:03:28.706" classname="parser_combinator_tests" />
    <testcase name="string_parser" file="C:\Yock\code\Other2\OtherEnv\tests\parser-combinator\parser_combinator_tests.cpp" line="165" status="run" result="completed" time="0." timestamp="2025-10-13T12:03:28.883" classname="parser_combinator_tests" />
    <testcase name="simple_character_parsers" file="C:\Yock\code\Other2\OtherEnv\tests\parser-combinator\parser_combinator_tests.cpp" line="10" status="run" result="completed" time="0." timestamp="2025-10-13T12:03:28.883" classname="parser_combinator_tests" />
    <testcase name="maybe_parser" file="C:\Yock\code\Other2\OtherEnv\tests\parser-combinator\parser_combinator_tests.cpp" line="781" status="run" result="completed" time="0." timestamp="2025-10-13T12:03:28.884" classname="parser_combinator_tests" />
    <testcase name="parse_ini_key_value" file="C:\Yock\code\Other2\OtherEnv\tests\parser-combinator\parser_combinator_tests.cpp" line="368" status="run" result="completed" time="0." timestamp="2025-10-13T12:03:28.885" classname="parser_combinator_tests" />
    <testcase name="simple_multiparser" file="C:\Yock\code\Other2\OtherEnv\tests\parser-combinator\parser_combinator_tests.cpp" line="579" status="run" result="completed" time="0." timestamp="2025-10-13T12:03:28.885" classname="parser_combinator_tests" />
    <testcase name="grammar_building" file="C:\Yock\code\Other2\OtherEnv\tests\parser-combinator\parser_combinator_tests.cpp" line="102" status="run" result="completed" time="0." timestamp="2025-10-13T12:03:28.885" classname="parser_combinator_tests" />
    <testcase name="parse_ini_piece_by_piece" file="C:\Yock\code\Other2\OtherEnv\tests\parser-combinator\parser_combinator_tests.cpp" line="458" status="run" result="completed" time="0." timestamp="2025-10-13T12:03:28.886" classname="parser_combinator_tests" />
    <testcase name="simple_sequence_parsers" file="C:\Yock\code\Other2\OtherEnv\tests\parser-combinator\parser_combinator_tests.cpp" line="256" status="run" result="completed" time="0." timestamp="2025-10-13T12:03:28.886" classname="parser_combinator_tests" />
    <testcase name="contatenate_parsers" file="C:\Yock\code\Other2\OtherEnv\tests\parser-combinator\parser_combinator_tests.cpp" line="141" status="run" result="completed" time="0." timestamp="2025-10-13T12:03:28.887" classname="parser_combinator_tests" />
    <testcase name="parse_simple_ini_section" file="C:\Yock\code\Other2\OtherEnv\tests\parser-combinator\parser_combinator_tests.cpp" line="385" status="run" result="completed" time="0." timestamp="2025-10-13T12:03:28.887" classname="parser_combinator_tests" />
    <testcase name="complicated_grammar" file="C:\Yock\code\Other2\OtherEnv\tests\parser-combinator\parser_combinator_tests.cpp" line="667" status="run" result="completed" time="0." timestamp="2025-10-13T12:03:28.887" classname="parser_combinator_tests" />
    <testcase name="parse_string_trim_whitespace" file="C:\Yock\code\Other2\OtherEnv\tests\parser-combinator\parser_combinator_tests.cpp" line="308" status="run" result="completed" time="0." timestamp="2025-10-13T12:03:28.888" classname="parser_combinator_tests" />
    <testcase name="whitespace_trimmer" file="C:\Yock\code\Other2\OtherEnv\tests\parser-combinator\parser_combinator_tests.cpp" line="239" status="run" result="completed" time="0." timestamp="2025-10-13T12:03:28.888" classname="parser_combinator_tests" />
    <testcase name="fallback_parsers" file="C:\Yock\code\Other2\OtherEnv\tests\parser-combinator\parser_combinator_tests.cpp" line="506" status="run" result="completed" time="0." timestamp="2025-10-13T12:03:28.888" classname="parser_combinator_tests" />
    <testcase name="parse_into" file="C:\Yock\code\Other2\OtherEnv\tests\parser-combinator\parser_combinator_tests.cpp" line="622" status="run" result="completed" time="0." timestamp="2025-10-13T12:03:28.889" classname="parser_combinator_tests" />
    <testcase name="simple_parse_many" file="C:\Yock\code\Other2\OtherEnv\tests\parser-combinator\parser_combinator_tests.cpp" line="329" status="run" result="completed" time="0." timestamp="2025-10-13T12:03:28.889" classname="parser_combinator_tests" />
    <testcase name="fallback_parser" file="C:\Yock\code\Other2\OtherEnv\tests\parser-combinator\parser_combinator_tests.cpp" line="288" status="run" result="completed" time="0." timestamp="2025-10-13T12:03:28.890" classname="parser_combinator_tests" />
    <testcase name="simple_skip_parsers" file="C:\Yock\code\Other2\OtherEnv\tests\parser-combinator\parser_combinator_tests.cpp" line="181" status="run" result="completed" time="0." timestamp="2025-10-13T12:03:28.890" classname="parser_combinator_tests" />
    <testcase name="parse_or" file="C:\Yock\code\Other2\OtherEnv\tests\parser-combinator\parser_combinator_tests.cpp" line="67" status="run" result="completed" time="0." timestamp="2025-10-13T12:03:28.890" classname="parser_combinator_tests" />
    <testcase name="simple_for_each" file="C:\Yock\code\Other2\OtherEnv\tests\parser-combinator\parser_combinator_tests.cpp" line="443" status="run" result="completed" time="0." timestamp="2025-10-13T12:03:28.891" classname="parser_combinator_tests" />
  </testsuite>
  <testsuite name="thread_tests" tests="4" failures="0" disabled="0" skipped="0" errors="0" time="1.349" timestamp="2025-10-13T12:03:14.410">
    <testcase name="thread_launch_and_shutdown" file="C:\Yock\code\Other2\OtherEnv\tests\thread\thread_tests.cpp" line="35" status="run" result="completed" time="0.394" timestamp="2025-10-13T12:03:14.411" classname="thread_tests" />
    <testcase name="thread_force_shutdown" file="C:\Yock\code\Other2\OtherEnv\tests\thread\thread_tests.cpp" line="84" status="run" result="completed" time="0.327" timestamp="2025-10-13T12:03:14.805" classname="thread_tests" />
    <testcase name="message_bus_failure_to_register" file="C:\Yock\code\Other2\OtherEnv\tests\thread\message_bus_tests.cpp" line="68" status="run" result="completed" time="0.625" timestamp="2025-10-13T12:03:15.133" classname="thread_tests" />
    <testcase name="message_bus_basic_send_receive" file="C:\Yock\code\Other2\OtherEnv\tests\thread\message_bus_tests.cpp" line="14" status="run" result="completed" time="0." timestamp="2025-10-13T12:03:15.759" classname="thread_tests" />
  </testsuite>
  <testsuite name="script_environment_tests" tests="1" failures="0" disabled="0" skipped="0" errors="0" time="0.208" timestamp="2025-10-13T12:03:15.760">
    <testcase name="load_and_unload_dotnet_module" file="C:\Yock\code\Other2\OtherEnv\tests\scripting\script_environment_tests.cpp" line="10" status="run" result="completed" time="0.207" timestamp="2025-10-13T12:03:15.760" classname="script_environment_tests" />
  </testsuite>
  <testsuite name="scene_tests" tests="2" failures="0" disabled="0" skipped="0" errors="0" time="0.522" timestamp="2025-10-13T12:03:16.702">
    <testcase name="create_scene_object" file="C:\Yock\code\Other2\OtherEnv\tests\scene\scene_tests.cpp" line="10" status="run" result="completed" time="0.235" timestamp="2025-10-13T12:03:16.702" classname="scene_tests" />
    <testcase name="scene_move_constructor" file="C:\Yock\code\Other2\OtherEnv\tests\scene\scene_tests.cpp" line="26" status="run" result="completed" time="0.286" timestamp="2025-10-13T12:03:16.939" classname="scene_tests" />
  </testsuite>
  <testsuite name="asset_tests" tests="4" failures="0" disabled="0" skipped="1" errors="0" time="0.067" timestamp="2025-10-13T12:03:28.574">
    <testcase name="supported_extensions" file="C:\Yock\code\Other2\OtherEnv\tests\scene\asset_tests.cpp" line="32" status="run" result="completed" time="0." timestamp="2025-10-13T12:03:28.574" classname="asset_tests" />
    <testcase name="omesh_async_load" file="C:\Yock\code\Other2\OtherEnv\tests\scene\asset_tests.cpp" line="174" status="run" result="skipped" time="0." timestamp="2025-10-13T12:03:28.575" classname="asset_tests">
      <skipped message="C:\Yock\code\Other2\OtherEnv\tests\scene\asset_tests.cpp:175&#x0A;Skipping omesh test until we have a way to generate them in CI, files are too large to push to git (may have to use github lfs?)&#x0A;"><![CDATA[C:\Yock\code\Other2\OtherEnv\tests\scene\asset_tests.cpp:175
Skipping omesh test until we have a way to generate them in CI, files are too large to push to git (may have to use github lfs?)
]]></skipped>
    </testcase>
    <testcase name="simple_async_load" file="C:\Yock\code\Other2\OtherEnv\tests\scene\asset_tests.cpp" line="106" status="run" result="completed" time="0.066" timestamp="2025-10-13T12:03:28.575" classname="asset_tests" />
    <testcase name="asset_type_from_extension" file="C:\Yock\code\Other2\OtherEnv\tests\scene\asset_tests.cpp" line="19" status="run" result="completed" time="0." timestamp="2025-10-13T12:03:28.642" classname="asset_tests" />
  </testsuite>
</testsuites>
